<?xml version='1.0' encoding='utf-8'?>
<testsuites tests="23" failures="1" errors="0" time="340.015529"><testsuite name="Semantic Implies Integration Test Suite" tests="23" failures="1" errors="0" skipped="0" time="340.015529" timestamp="2026-02-13T17:14:23.662025"><testcase name="EXACT1: 'car' == 'car'" classname="Semantic Implies Integration Test Suite" time="8.821487426757812e-06" /><testcase name="EXACT2: 'Car' == 'car' (case insensitive)" classname="Semantic Implies Integration Test Suite" time="4.76837158203125e-06" /><testcase name="EXACT3: '  car  ' == 'car' (whitespace)" classname="Semantic Implies Integration Test Suite" time="2.1457672119140625e-06" /><testcase name="SYN1: 'sofa' implies 'couch'" classname="Semantic Implies Integration Test Suite" time="1.1920928955078125e-05" /><testcase name="SYN2: 'couch' implies 'sofa'" classname="Semantic Implies Integration Test Suite" time="5.7220458984375e-06" /><testcase name="SYN3: 'used' implies 'second hand'" classname="Semantic Implies Integration Test Suite" time="84.2778651714325"><failure message="Expected: True, Actual: False" type="AssertionError" /></testcase><testcase name="SYN4: 'laptop' implies 'notebook'" classname="Semantic Implies Integration Test Suite" time="1.049041748046875e-05" /><testcase name="SYN5: 'automobile' implies 'car'" classname="Semantic Implies Integration Test Suite" time="4.291534423828125e-06" /><testcase name="HIER1: 'puppy' implies 'dog'" classname="Semantic Implies Integration Test Suite" time="1.4682815074920654" /><testcase name="HIER2: 'dentist' implies 'doctor'" classname="Semantic Implies Integration Test Suite" time="1.4517059326171875" /><testcase name="HIER3: 'novel' implies 'book'" classname="Semantic Implies Integration Test Suite" time="34.05882000923157" /><testcase name="HIER4: 'iphone' implies 'smartphone'" classname="Semantic Implies Integration Test Suite" time="1.7313032150268555" /><testcase name="HIER5: 'car' implies 'vehicle'" classname="Semantic Implies Integration Test Suite" time="32.08382725715637" /><testcase name="HIER_NEG1: 'dog' does NOT imply 'puppy'" classname="Semantic Implies Integration Test Suite" time="2.0943989753723145" /><testcase name="HIER_NEG2: 'doctor' does NOT imply 'dentist'" classname="Semantic Implies Integration Test Suite" time="12.457585334777832" /><testcase name="HIER_NEG3: 'book' does NOT imply 'novel'" classname="Semantic Implies Integration Test Suite" time="1.5016121864318848" /><testcase name="HIER_NEG4: 'smartphone' does NOT imply 'iphone'" classname="Semantic Implies Integration Test Suite" time="53.542863845825195" /><testcase name="HIER_NEG5: 'vehicle' does NOT imply 'car'" classname="Semantic Implies Integration Test Suite" time="21.852235078811646" /><testcase name="DIFF1: 'cat' does NOT imply 'dog'" classname="Semantic Implies Integration Test Suite" time="2.0017595291137695" /><testcase name="DIFF2: 'plumber' does NOT imply 'electrician'" classname="Semantic Implies Integration Test Suite" time="1.7331461906433105" /><testcase name="DIFF3: 'sedan' does NOT imply 'truck'" classname="Semantic Implies Integration Test Suite" time="31.583420515060425" /><testcase name="DIFF4: 'yoga' does NOT imply 'pilates'" classname="Semantic Implies Integration Test Suite" time="13.7069993019104" /><testcase name="DIFF5: 'laptop' does NOT imply 'refrigerator'" classname="Semantic Implies Integration Test Suite" time="44.46886444091797" /></testsuite></testsuites>