<?xml version='1.0' encoding='utf-8'?>
<testsuites tests="8" failures="0" errors="0" time="4485.714789"><testsuite name="Reverse Hierarchy Test Suite" tests="8" failures="0" errors="0" skipped="0" time="4485.714789" timestamp="2026-02-13T17:38:54.296471"><testcase name="RH1: dog (broad buyer) -&gt; puppy (specific seller) = MATCH" classname="Reverse Hierarchy Test Suite" time="23.175844192504883" /><testcase name="RH2: doctor (broad buyer) -&gt; dentist (specific seller) = MATCH" classname="Reverse Hierarchy Test Suite" time="2.6800427436828613" /><testcase name="RH3: book (broad buyer) -&gt; novel (specific seller) = MATCH" classname="Reverse Hierarchy Test Suite" time="22.59460210800171" /><testcase name="RH4: vehicle (broad buyer) -&gt; car (specific seller) = MATCH" classname="Reverse Hierarchy Test Suite" time="74.46622514724731" /><testcase name="RH5: smartphone (broad buyer) -&gt; iphone (specific seller) = MATCH" classname="Reverse Hierarchy Test Suite" time="2.2593727111816406" /><testcase name="RH6: puppy (specific buyer) -&gt; dog (broad seller) = NO MATCH" classname="Reverse Hierarchy Test Suite" time="5.788301706314087" /><testcase name="RH7: dentist (specific buyer) -&gt; doctor (broad seller) = NO MATCH" classname="Reverse Hierarchy Test Suite" time="46.252204179763794" /><testcase name="RH8: iphone (specific buyer) -&gt; smartphone (broad seller) = NO MATCH" classname="Reverse Hierarchy Test Suite" time="4308.497554779053" /></testsuite></testsuites>