<?xml version='1.0' encoding='utf-8'?>
<testsuites tests="22" failures="0" errors="0" time="3.280179"><testsuite name="Preprocessor Unit Test Suite" tests="22" failures="0" errors="0" skipped="0" time="3.280179" timestamp="2026-02-13T17:14:07.141921"><testcase name="ABBR1: 'ac' -&gt; 'air conditioning'" classname="Preprocessor Unit Test Suite" time="0.00012969970703125" /><testcase name="ABBR2: 'tv' -&gt; 'television'" classname="Preprocessor Unit Test Suite" time="3.279296398162842" /><testcase name="ABBR3: 'pc' -&gt; 'personal computer'" classname="Preprocessor Unit Test Suite" time="0.0001354217529296875" /><testcase name="ABBR4: 'suv' -&gt; 'sport utility vehicle'" classname="Preprocessor Unit Test Suite" time="9.298324584960938e-06" /><testcase name="ABBR5: 'ssd' -&gt; 'solid state drive'" classname="Preprocessor Unit Test Suite" time="6.9141387939453125e-06" /><testcase name="MWE1: 'barely used' -&gt; 'used'" classname="Preprocessor Unit Test Suite" time="2.4318695068359375e-05" /><testcase name="MWE2: 'brand new' -&gt; 'new'" classname="Preprocessor Unit Test Suite" time="1.5020370483398438e-05" /><testcase name="MWE3: 'mint condition' -&gt; 'new'" classname="Preprocessor Unit Test Suite" time="1.0728836059570312e-05" /><testcase name="MWE4: 'pre-owned' -&gt; 'used'" classname="Preprocessor Unit Test Suite" time="9.059906005859375e-06" /><testcase name="MWE5: 'gently used' -&gt; 'used'" classname="Preprocessor Unit Test Suite" time="1.0013580322265625e-05" /><testcase name="SPELL1: 'colour' -&gt; 'color'" classname="Preprocessor Unit Test Suite" time="1.1205673217773438e-05" /><testcase name="SPELL2: 'grey' -&gt; 'gray'" classname="Preprocessor Unit Test Suite" time="1.049041748046875e-05" /><testcase name="SPELL3: 'tyre' -&gt; 'tire'" classname="Preprocessor Unit Test Suite" time="1.0967254638671875e-05" /><testcase name="SPELL4: 'aluminium' -&gt; 'aluminum'" classname="Preprocessor Unit Test Suite" time="8.344650268554688e-06" /><testcase name="SPELL5: 'centre' -&gt; 'center'" classname="Preprocessor Unit Test Suite" time="8.821487426757812e-06" /><testcase name="COMP1: 'second hand' -&gt; 'secondhand' (registry)" classname="Preprocessor Unit Test Suite" time="6.318092346191406e-05" /><testcase name="COMP2: 'second-hand' -&gt; 'secondhand' (registry)" classname="Preprocessor Unit Test Suite" time="5.7220458984375e-06" /><testcase name="COMP3: 'air_conditioning' -&gt; 'airconditioning' (registry)" classname="Preprocessor Unit Test Suite" time="3.337860107421875e-06" /><testcase name="DEM1: 'indian' + nationality -&gt; 'india'" classname="Preprocessor Unit Test Suite" time="1.8358230590820312e-05" /><testcase name="DEM2: 'french' + origin -&gt; 'france'" classname="Preprocessor Unit Test Suite" time="1.2159347534179688e-05" /><testcase name="DEM3: 'japanese' + country -&gt; 'japan'" classname="Preprocessor Unit Test Suite" time="1.0728836059570312e-05" /><testcase name="DEM4: 'indian' + food (no resolution)" classname="Preprocessor Unit Test Suite" time="1.1205673217773438e-05" /></testsuite></testsuites>