<?xml version='1.0' encoding='utf-8'?>
<testsuites tests="18" failures="0" errors="0" time="308.956019"><testsuite name="E2E Canonicalization + Matching Test Suite" tests="18" failures="0" errors="0" skipped="0" time="308.956019" timestamp="2026-02-13T17:30:29.864852"><testcase name="P1: 'used' vs 'second hand' smartphone" classname="E2E Canonicalization + Matching Test Suite" time="17.067697525024414" /><testcase name="P2: 'laptop' vs 'notebook' (computing devices)" classname="E2E Canonicalization + Matching Test Suite" time="1.2584993839263916" /><testcase name="P3: 'red' vs 'scarlet' clothing" classname="E2E Canonicalization + Matching Test Suite" time="35.16544556617737" /><testcase name="P4: 'automobile' vs 'car'" classname="E2E Canonicalization + Matching Test Suite" time="1.3258638381958008" /><testcase name="P5: Exact same terms (baseline)" classname="E2E Canonicalization + Matching Test Suite" time="1.3924925327301025" /><testcase name="P6: Different domain (electronics vs furniture)" classname="E2E Canonicalization + Matching Test Suite" time="0.5029840469360352" /><testcase name="P7: Same domain, different item type" classname="E2E Canonicalization + Matching Test Suite" time="50.0272171497345" /><testcase name="P8: Same item, different brand" classname="E2E Canonicalization + Matching Test Suite" time="47.40999627113342" /><testcase name="P9: Same subintent (both sellers)" classname="E2E Canonicalization + Matching Test Suite" time="0.0003211498260498047" /><testcase name="P10: 'new' vs 'used' condition" classname="E2E Canonicalization + Matching Test Suite" time="43.569642305374146" /><testcase name="S1: 'tutoring' vs 'coaching' (education)" classname="E2E Canonicalization + Matching Test Suite" time="59.13929796218872" /><testcase name="S2: 'plumber' vs 'plumbing' service" classname="E2E Canonicalization + Matching Test Suite" time="5.258091688156128" /><testcase name="S3: 'cleaning' vs 'housekeeping'" classname="E2E Canonicalization + Matching Test Suite" time="0.8235874176025391" /><testcase name="S4: Exact same service (baseline)" classname="E2E Canonicalization + Matching Test Suite" time="0.7785928249359131" /><testcase name="S5: Different service domain" classname="E2E Canonicalization + Matching Test Suite" time="0.43001317977905273" /><testcase name="S6: Same domain, different service" classname="E2E Canonicalization + Matching Test Suite" time="39.95225667953491" /><testcase name="S7: Both seekers (same subintent)" classname="E2E Canonicalization + Matching Test Suite" time="0.00031638145446777344" /><testcase name="S8: Math tutor vs Science tutor" classname="E2E Canonicalization + Matching Test Suite" time="4.85318660736084" /></testsuite></testsuites>