<?xml version='1.0' encoding='utf-8'?>
<testsuites tests="20" failures="0" errors="0" time="134.509069"><testsuite name="Matching Robustness Test Suite" tests="20" failures="0" errors="0" skipped="0" time="134.509069" timestamp="2026-02-13T17:36:14.075921"><testcase name="R1: 'sofa' vs 'couch' (furniture synonyms)" classname="Matching Robustness Test Suite" time="14.288161993026733" /><testcase name="R2: 'apartment' vs 'flat' (real estate synonyms)" classname="Matching Robustness Test Suite" time="0.40448856353759766" /><testcase name="R3: 'puppy' vs 'dog' (specific buyer, broad seller = NO MATCH)" classname="Matching Robustness Test Suite" time="11.872573852539062" /><testcase name="R4: 'physician' vs 'doctor' (healthcare synonyms)" classname="Matching Robustness Test Suite" time="0.39519596099853516" /><testcase name="R5: 'bicycle' vs 'bike' (abbreviation synonym)" classname="Matching Robustness Test Suite" time="0.40474414825439453" /><testcase name="R6: 'guitar' buyer vs 'acoustic guitar' seller = MATCH" classname="Matching Robustness Test Suite" time="1.778615951538086" /><testcase name="R7: 'hairdresser' vs 'hair stylist' (beauty synonyms)" classname="Matching Robustness Test Suite" time="0.41167473793029785" /><testcase name="R8: 'farmer' vs 'farm worker' (different roles = NO MATCH)" classname="Matching Robustness Test Suite" time="12.707883596420288" /><testcase name="R9: 'novel' vs 'book' (specific buyer, broad seller = NO MATCH)" classname="Matching Robustness Test Suite" time="35.58643102645874" /><testcase name="R10: 'gym trainer' vs 'fitness instructor' (specific vs broad = NO MATCH)" classname="Matching Robustness Test Suite" time="1.4200067520141602" /><testcase name="R11: 'cat' vs 'dog' (different pets = NO MATCH)" classname="Matching Robustness Test Suite" time="1.3704414367675781" /><testcase name="R12: 'carpenter' vs 'painter' (different trades = NO MATCH)" classname="Matching Robustness Test Suite" time="26.333455562591553" /><testcase name="R13: 'table' furniture vs 'table reservation' (different domains = NO MATCH)" classname="Matching Robustness Test Suite" time="0.6639635562896729" /><testcase name="R14: Both buyers for sofa (same subintent = NO MATCH)" classname="Matching Robustness Test Suite" time="0.00024962425231933594" /><testcase name="R15: 'yoga' vs 'pilates' instructor (different specialties = NO MATCH)" classname="Matching Robustness Test Suite" time="8.21973466873169" /><testcase name="R16: Orange fruit vs Orange t-shirt (different contexts = NO MATCH)" classname="Matching Robustness Test Suite" time="0.8752262592315674" /><testcase name="R17: 'piano' product vs 'piano lessons' service (different intents = NO MATCH)" classname="Matching Robustness Test Suite" time="0.849571704864502" /><testcase name="R18: 'driving lessons' vs 'delivery driving' (different services = NO MATCH)" classname="Matching Robustness Test Suite" time="0.3816111087799072" /><testcase name="R19: 'sedan' vs 'truck' (different vehicle types = NO MATCH)" classname="Matching Robustness Test Suite" time="11.294897317886353" /><testcase name="R20: 'dentist' buyer vs 'doctor' seller (specific vs broad = NO MATCH)" classname="Matching Robustness Test Suite" time="5.249492645263672" /></testsuite></testsuites>